Save 2 262
Save 2 126
Save 2 97
Save 2 166
Save 2 129
Save 2 89
Save 2 61
Save 2 89
Save 2 47
Save 2 71
Save 2 165
Save 2 44
Save 2 32
Save 2 30
Save 2 29
Save 2 36
Save 2 37
Save 2 32
Save 2 29
Save 2 41
Save 2 41
Save 2 37
Save 2 80
Save 2 30
Save 2 33
Save 2 37
Save 2 33
Save 2 30
Save 2 121
Save 2 30
Save 2 31
Save 2 34
Save 2 46
Save 2 29
Save 2 31
Save 2 39
Save 2 32
Save 2 31
Save 2 40
Save 2 35
Save 2 30
Save 2 30
Save 2 35
Save 2 36
Save 2 28
Save 2 34
Save 2 41
Save 2 30
Save 2 33
Save 2 36
Save 2 32
Save 2 29
Save 2 34
Save 2 36
Save 2 29
Save 2 37
Save 2 57
Save 2 31
Save 2 33
Save 2 32
Save 2 31
Save 2 29
Save 2 45
Save 2 40
Save 2 29
Save 2 28
Save 2 36
Save 2 37
Save 2 31
Save 2 30
Save 2 40
Save 2 34
Save 2 29
Save 2 38
Save 2 37
Save 2 28
Save 2 30
Save 2 34
Save 2 36
Save 2 28
Save 2 37
Save 2 33
Save 2 29
Save 2 27
Save 2 40
Save 2 35
Save 2 28
Save 2 30
Save 2 45
Save 2 34
Save 2 29
Save 2 43
Save 2 38
Save 2 31
Save 2 30
Save 2 37
Save 2 31
Save 2 35
Save 2 43
Save 2 48
Save 2 29
Save 2 45
Save 2 35
Save 2 29
Save 2 32
